  Array.cpp
F:\ООП\Тема 6\Lab_6.1\Lab_6.1\Lab_6.1\Array.h(27,7): warning C4290: C++ exception specification ignored except to indicate a function is not __declspec(nothrow)
F:\ООП\Тема 6\Lab_6.1\Lab_6.1\Lab_6.1\Array.h(28,7): warning C4290: C++ exception specification ignored except to indicate a function is not __declspec(nothrow)
F:\ООП\Тема 6\Lab_6.1\Lab_6.1\Lab_6.1\Array.h(29,7): warning C4290: C++ exception specification ignored except to indicate a function is not __declspec(nothrow)
F:\ООП\Тема 6\Lab_6.1\Lab_6.1\Lab_6.1\Array.h(30,7): warning C4290: C++ exception specification ignored except to indicate a function is not __declspec(nothrow)
F:\ООП\Тема 6\Lab_6.1\Lab_6.1\Lab_6.1\Array.h(46,48): warning C4290: C++ exception specification ignored except to indicate a function is not __declspec(nothrow)
F:\ООП\Тема 6\Lab_6.1\Lab_6.1\Lab_6.1\Array.h(50,52): warning C4290: C++ exception specification ignored except to indicate a function is not __declspec(nothrow)
F:\ООП\Тема 6\Lab_6.1\Lab_6.1\Lab_6.1\Array.h(51,64): warning C4290: C++ exception specification ignored except to indicate a function is not __declspec(nothrow)
F:\ООП\Тема 6\Lab_6.1\Lab_6.1\Lab_6.1\Array.h(84,36): warning C4290: C++ exception specification ignored except to indicate a function is not __declspec(nothrow)
F:\ООП\Тема 6\Lab_6.1\Lab_6.1\Lab_6.1\Array.cpp(7,74): warning C4290: C++ exception specification ignored except to indicate a function is not __declspec(nothrow)
F:\ООП\Тема 6\Lab_6.1\Lab_6.1\Lab_6.1\Array.cpp(16,90): warning C4290: C++ exception specification ignored except to indicate a function is not __declspec(nothrow)
F:\ООП\Тема 6\Lab_6.1\Lab_6.1\Lab_6.1\Array.cpp(30,92): warning C4290: C++ exception specification ignored except to indicate a function is not __declspec(nothrow)
F:\ООП\Тема 6\Lab_6.1\Lab_6.1\Lab_6.1\Array.cpp(43,45): warning C4290: C++ exception specification ignored except to indicate a function is not __declspec(nothrow)
F:\ООП\Тема 6\Lab_6.1\Lab_6.1\Lab_6.1\Array.cpp(70,56): warning C4290: C++ exception specification ignored except to indicate a function is not __declspec(nothrow)
F:\ООП\Тема 6\Lab_6.1\Lab_6.1\Lab_6.1\Array.cpp(71,1): warning C5043: 'Array::pop_back': exception specification does not match previous declaration
F:\ООП\Тема 6\Lab_6.1\Lab_6.1\Lab_6.1\Array.h(63): message : see declaration of 'Array::pop_back'
F:\ООП\Тема 6\Lab_6.1\Lab_6.1\Lab_6.1\Array.cpp(85,72): warning C4290: C++ exception specification ignored except to indicate a function is not __declspec(nothrow)
F:\ООП\Тема 6\Lab_6.1\Lab_6.1\Lab_6.1\Array.cpp(93,84): warning C4290: C++ exception specification ignored except to indicate a function is not __declspec(nothrow)
F:\ООП\Тема 6\Lab_6.1\Lab_6.1\Lab_6.1\Array.cpp(101,54): warning C4290: C++ exception specification ignored except to indicate a function is not __declspec(nothrow)
F:\ООП\Тема 6\Lab_6.1\Lab_6.1\Lab_6.1\Array.cpp(145,20): warning C4018: '<': signed/unsigned mismatch
F:\ООП\Тема 6\Lab_6.1\Lab_6.1\Lab_6.1\Array.cpp(169,50): warning C4290: C++ exception specification ignored except to indicate a function is not __declspec(nothrow)
  Lab_6.1.vcxproj -> F:\ООП\Тема 6\Lab_6.1\Lab_6.1\Debug\Lab_6.1.exe
